0 verbose cli C:\Program Files\nodejs\node.exe C:\Program Files\nodejs\node_modules\npm\bin\npm-cli.js
1 info using npm@11.13.0
2 info using node@v24.16.0
3 silly config load:file:C:\Program Files\nodejs\node_modules\npm\npmrc
4 silly config load:file:C:\Users\Juliana\Desktop\ai-travel-app\.npmrc
5 silly config load:file:C:\Users\Juliana\.npmrc
6 silly config load:file:C:\Users\Juliana\AppData\Roaming\npm\etc\npmrc
7 verbose title npm install jspdf html2canvas
8 verbose argv "install" "jspdf" "html2canvas" "--cache" ".\\.npm-cache"
9 verbose logfile logs-max:10 dir:C:\Users\Juliana\Desktop\ai-travel-app\.npm-cache\_logs\2026-06-26T12_55_37_265Z-
10 verbose logfile C:\Users\Juliana\Desktop\ai-travel-app\.npm-cache\_logs\2026-06-26T12_55_37_265Z-debug-0.log
11 silly logfile done cleaning log files
12 silly packumentCache heap:2348810240 maxSize:587202560 maxEntrySize:293601280
13 silly idealTree buildDeps
14 silly fetch manifest jspdf@*
15 silly packumentCache full:https://registry.npmjs.org/jspdf cache-miss
16 http fetch GET 200 https://registry.npmjs.org/jspdf 2314ms (cache miss)
17 silly packumentCache full:https://registry.npmjs.org/jspdf set size:undefined disposed:false
18 silly fetch manifest html2canvas@*
19 silly packumentCache full:https://registry.npmjs.org/html2canvas cache-miss
20 http fetch GET 200 https://registry.npmjs.org/html2canvas 1201ms (cache miss)
21 silly packumentCache full:https://registry.npmjs.org/html2canvas set size:undefined disposed:false
22 silly placeDep ROOT html2canvas@1.4.1 OK for: ai-travel-app@0.1.0 want: *
23 silly placeDep ROOT jspdf@4.2.1 OK for: ai-travel-app@0.1.0 want: *
24 silly fetch manifest css-line-break@^2.1.0
25 silly packumentCache full:https://registry.npmjs.org/css-line-break cache-miss
26 silly fetch manifest text-segmentation@^1.0.3
27 silly packumentCache full:https://registry.npmjs.org/text-segmentation cache-miss
28 silly fetch manifest @babel/runtime@^7.28.6
29 silly packumentCache full:https://registry.npmjs.org/@babel%2fruntime cache-miss
30 silly fetch manifest fflate@^0.8.1
31 silly packumentCache full:https://registry.npmjs.org/fflate cache-miss
32 silly fetch manifest fast-png@^6.2.0
33 silly packumentCache full:https://registry.npmjs.org/fast-png cache-miss
34 silly fetch manifest canvg@^3.0.11
35 silly packumentCache full:https://registry.npmjs.org/canvg cache-miss
36 silly fetch manifest core-js@^3.6.0
37 silly packumentCache full:https://registry.npmjs.org/core-js cache-miss
38 http fetch GET 200 https://registry.npmjs.org/npm 4647ms
39 http fetch GET 200 https://registry.npmjs.org/css-line-break 666ms (cache miss)
40 silly packumentCache full:https://registry.npmjs.org/css-line-break set size:undefined disposed:false
41 silly fetch manifest dompurify@^3.3.1
42 silly packumentCache full:https://registry.npmjs.org/dompurify cache-miss
43 http fetch GET 200 https://registry.npmjs.org/text-segmentation 1177ms (cache miss)
44 silly packumentCache full:https://registry.npmjs.org/text-segmentation set size:undefined disposed:false
45 http fetch GET 200 https://registry.npmjs.org/canvg 1382ms (cache miss)
46 silly packumentCache full:https://registry.npmjs.org/canvg set size:undefined disposed:false
47 http fetch GET 200 https://registry.npmjs.org/dompurify 1056ms (cache miss)
48 silly packumentCache full:https://registry.npmjs.org/dompurify set size:undefined disposed:false
49 http fetch GET 200 https://registry.npmjs.org/fast-png 2054ms (cache miss)
50 silly packumentCache full:https://registry.npmjs.org/fast-png set size:undefined disposed:false
51 http fetch GET 200 https://registry.npmjs.org/fflate 2216ms (cache miss)
52 silly packumentCache full:https://registry.npmjs.org/fflate set size:undefined disposed:false
53 http fetch GET 200 https://registry.npmjs.org/core-js 2405ms (cache miss)
54 silly packumentCache full:https://registry.npmjs.org/core-js set size:undefined disposed:false
55 http fetch GET 200 https://registry.npmjs.org/@babel%2fruntime 3607ms (cache miss)
56 silly packumentCache full:https://registry.npmjs.org/@babel%2fruntime set size:undefined disposed:false
57 silly placeDep ROOT css-line-break@2.1.0 OK for: html2canvas@1.4.1 want: ^2.1.0
58 silly placeDep ROOT text-segmentation@1.0.3 OK for: html2canvas@1.4.1 want: ^1.0.3
59 silly fetch manifest utrie@^1.0.2
60 silly packumentCache full:https://registry.npmjs.org/utrie cache-miss
61 silly fetch manifest utrie@^1.0.2
62 silly packumentCache full:https://registry.npmjs.org/utrie cache-miss
63 http fetch GET 200 https://registry.npmjs.org/utrie 564ms (cache miss)
64 silly packumentCache full:https://registry.npmjs.org/utrie set size:undefined disposed:false
65 http fetch GET 200 https://registry.npmjs.org/utrie 701ms (cache miss)
66 silly packumentCache full:https://registry.npmjs.org/utrie set size:undefined disposed:false
67 silly placeDep ROOT utrie@1.0.2 OK for: css-line-break@2.1.0 want: ^1.0.2
68 silly fetch manifest base64-arraybuffer@^1.0.2
69 silly packumentCache full:https://registry.npmjs.org/base64-arraybuffer cache-miss
70 http fetch GET 200 https://registry.npmjs.org/base64-arraybuffer 264ms (cache miss)
71 silly packumentCache full:https://registry.npmjs.org/base64-arraybuffer set size:undefined disposed:false
72 silly placeDep ROOT @babel/runtime@7.29.7 OK for: jspdf@4.2.1 want: ^7.28.6
73 silly placeDep ROOT canvg@3.0.11 OK for: jspdf@4.2.1 want: ^3.0.11
74 silly placeDep ROOT core-js@3.49.0 OK for: jspdf@4.2.1 want: ^3.6.0
75 silly placeDep ROOT dompurify@3.4.11 OK for: jspdf@4.2.1 want: ^3.3.1
76 silly placeDep ROOT fast-png@6.4.0 OK for: jspdf@4.2.1 want: ^6.2.0
77 silly placeDep ROOT fflate@0.8.3 OK for: jspdf@4.2.1 want: ^0.8.1
78 silly fetch manifest raf@^3.4.1
79 silly packumentCache full:https://registry.npmjs.org/raf cache-miss
80 silly fetch manifest core-js@^3.8.3
81 silly packumentCache full:https://registry.npmjs.org/core-js cache-miss
82 silly fetch manifest rgbcolor@^1.0.1
83 silly packumentCache full:https://registry.npmjs.org/rgbcolor cache-miss
84 silly fetch manifest @types/raf@^3.4.0
85 silly packumentCache full:https://registry.npmjs.org/@types%2fraf cache-miss
86 silly fetch manifest svg-pathdata@^6.0.3
87 silly packumentCache full:https://registry.npmjs.org/svg-pathdata cache-miss
88 silly fetch manifest stackblur-canvas@^2.0.0
89 silly packumentCache full:https://registry.npmjs.org/stackblur-canvas cache-miss
90 silly fetch manifest regenerator-runtime@^0.13.7
91 silly packumentCache full:https://registry.npmjs.org/regenerator-runtime cache-miss
92 http cache https://registry.npmjs.org/core-js 72ms (cache hit)
93 silly packumentCache full:https://registry.npmjs.org/core-js set size:814557 disposed:false
94 silly fetch manifest @types/trusted-types@^2.0.7
95 silly packumentCache full:https://registry.npmjs.org/@types%2ftrusted-types cache-miss
96 http fetch GET 200 https://registry.npmjs.org/@types%2fraf 297ms (cache miss)
97 silly packumentCache full:https://registry.npmjs.org/@types%2fraf set size:undefined disposed:false
98 silly fetch manifest pako@^2.1.0
99 silly packumentCache full:https://registry.npmjs.org/pako cache-miss
100 http fetch GET 200 https://registry.npmjs.org/@types%2ftrusted-types 271ms (cache miss)
101 silly packumentCache full:https://registry.npmjs.org/@types%2ftrusted-types set size:undefined disposed:false
102 silly fetch manifest iobuffer@^5.3.2
103 silly packumentCache full:https://registry.npmjs.org/iobuffer cache-miss
104 http fetch GET 200 https://registry.npmjs.org/raf 586ms (cache miss)
105 silly packumentCache full:https://registry.npmjs.org/raf set size:undefined disposed:false
106 silly fetch manifest @types/pako@^2.0.3
107 silly packumentCache full:https://registry.npmjs.org/@types%2fpako cache-miss
108 http fetch GET 200 https://registry.npmjs.org/svg-pathdata 707ms (cache miss)
109 silly packumentCache full:https://registry.npmjs.org/svg-pathdata set size:undefined disposed:false
110 http fetch GET 200 https://registry.npmjs.org/regenerator-runtime 731ms (cache miss)
111 silly packumentCache full:https://registry.npmjs.org/regenerator-runtime set size:undefined disposed:false
112 http fetch GET 200 https://registry.npmjs.org/stackblur-canvas 820ms (cache miss)
113 silly packumentCache full:https://registry.npmjs.org/stackblur-canvas set size:undefined disposed:false
114 http fetch GET 200 https://registry.npmjs.org/pako 1001ms (cache miss)
115 silly packumentCache full:https://registry.npmjs.org/pako set size:undefined disposed:false
116 http fetch GET 200 https://registry.npmjs.org/@types%2fpako 911ms (cache miss)
117 silly packumentCache full:https://registry.npmjs.org/@types%2fpako set size:undefined disposed:false
118 http fetch GET 200 https://registry.npmjs.org/iobuffer 1951ms (cache miss)
119 silly packumentCache full:https://registry.npmjs.org/iobuffer set size:undefined disposed:false
120 http fetch GET 200 https://registry.npmjs.org/rgbcolor 4448ms (cache miss)
121 silly packumentCache full:https://registry.npmjs.org/rgbcolor set size:undefined disposed:false
122 silly placeDep ROOT @types/raf@3.4.3 OK for: canvg@3.0.11 want: ^3.4.0
123 silly placeDep ROOT raf@3.4.1 OK for: canvg@3.0.11 want: ^3.4.1
124 silly placeDep ROOT regenerator-runtime@0.13.11 OK for: canvg@3.0.11 want: ^0.13.7
125 silly placeDep ROOT rgbcolor@1.0.1 OK for: canvg@3.0.11 want: ^1.0.1
126 silly placeDep ROOT stackblur-canvas@2.7.0 OK for: canvg@3.0.11 want: ^2.0.0
127 silly placeDep ROOT svg-pathdata@6.0.3 OK for: canvg@3.0.11 want: ^6.0.3
128 silly fetch manifest performance-now@^2.1.0
129 silly packumentCache full:https://registry.npmjs.org/performance-now cache-miss
130 http fetch GET 200 https://registry.npmjs.org/performance-now 267ms (cache miss)
131 silly packumentCache full:https://registry.npmjs.org/performance-now set size:undefined disposed:false
132 silly placeDep ROOT @types/trusted-types@2.0.7 OK for: dompurify@3.4.11 want: ^2.0.7
133 silly placeDep ROOT @types/pako@2.0.4 OK for: fast-png@6.4.0 want: ^2.0.3
134 silly placeDep ROOT iobuffer@5.4.0 OK for: fast-png@6.4.0 want: ^5.3.2
135 silly placeDep ROOT pako@2.2.0 OK for: fast-png@6.4.0 want: ^2.1.0
136 silly placeDep ROOT performance-now@2.1.0 OK for: raf@3.4.1 want: ^2.1.0
137 silly placeDep ROOT base64-arraybuffer@1.0.2 OK for: utrie@1.0.2 want: ^1.0.2
138 silly reify moves {}
139 silly audit bulk request {
139 silly audit   '@alloc/quick-lru': [ '5.2.0' ],
139 silly audit   '@babel/code-frame': [ '7.29.7' ],
139 silly audit   '@babel/compat-data': [ '7.29.7' ],
139 silly audit   '@babel/core': [ '7.29.7' ],
139 silly audit   '@babel/generator': [ '7.29.7' ],
139 silly audit   '@babel/helper-compilation-targets': [ '7.29.7' ],
139 silly audit   '@babel/helper-globals': [ '7.29.7' ],
139 silly audit   '@babel/helper-module-imports': [ '7.29.7' ],
139 silly audit   '@babel/helper-module-transforms': [ '7.29.7' ],
139 silly audit   '@babel/helper-string-parser': [ '7.29.7' ],
139 silly audit   '@babel/helper-validator-identifier': [ '7.29.7' ],
139 silly audit   '@babel/helper-validator-option': [ '7.29.7' ],
139 silly audit   '@babel/helpers': [ '7.29.7' ],
139 silly audit   '@babel/parser': [ '7.29.7' ],
139 silly audit   '@babel/template': [ '7.29.7' ],
139 silly audit   '@babel/traverse': [ '7.29.7' ],
139 silly audit   '@babel/types': [ '7.29.7' ],
139 silly audit   '@emnapi/core': [ '1.10.0' ],
139 silly audit   '@emnapi/runtime': [ '1.11.1', '1.10.0' ],
139 silly audit   '@emnapi/wasi-threads': [ '1.2.1' ],
139 silly audit   '@eslint-community/eslint-utils': [ '4.9.1' ],
139 silly audit   'eslint-visitor-keys': [ '3.4.3', '5.0.1', '4.2.1' ],
139 silly audit   '@eslint-community/regexpp': [ '4.12.2' ],
139 silly audit   '@eslint/config-array': [ '0.21.2' ],
139 silly audit   '@eslint/config-helpers': [ '0.4.2' ],
139 silly audit   '@eslint/core': [ '0.17.0' ],
139 silly audit   '@eslint/eslintrc': [ '3.3.5' ],
139 silly audit   '@eslint/js': [ '9.39.4' ],
139 silly audit   '@eslint/object-schema': [ '2.1.7' ],
139 silly audit   '@eslint/plugin-kit': [ '0.4.1' ],
139 silly audit   '@humanfs/core': [ '0.19.2' ],
139 silly audit   '@humanfs/node': [ '0.16.8' ],
139 silly audit   '@humanfs/types': [ '0.15.0' ],
139 silly audit   '@humanwhocodes/module-importer': [ '1.0.1' ],
139 silly audit   '@humanwhocodes/retry': [ '0.4.3' ],
139 silly audit   '@img/colour': [ '1.1.0' ],
139 silly audit   '@img/sharp-darwin-arm64': [ '0.34.5' ],
139 silly audit   '@img/sharp-darwin-x64': [ '0.34.5' ],
139 silly audit   '@img/sharp-libvips-darwin-arm64': [ '1.2.4' ],
139 silly audit   '@img/sharp-libvips-darwin-x64': [ '1.2.4' ],
139 silly audit   '@img/sharp-libvips-linux-arm': [ '1.2.4' ],
139 silly audit   '@img/sharp-libvips-linux-arm64': [ '1.2.4' ],
139 silly audit   '@img/sharp-libvips-linux-ppc64': [ '1.2.4' ],
139 silly audit   '@img/sharp-libvips-linux-riscv64': [ '1.2.4' ],
139 silly audit   '@img/sharp-libvips-linux-s390x': [ '1.2.4' ],
139 silly audit   '@img/sharp-libvips-linux-x64': [ '1.2.4' ],
139 silly audit   '@img/sharp-libvips-linuxmusl-arm64': [ '1.2.4' ],
139 silly audit   '@img/sharp-libvips-linuxmusl-x64': [ '1.2.4' ],
139 silly audit   '@img/sharp-linux-arm': [ '0.34.5' ],
139 silly audit   '@img/sharp-linux-arm64': [ '0.34.5' ],
139 silly audit   '@img/sharp-linux-ppc64': [ '0.34.5' ],
139 silly audit   '@img/sharp-linux-riscv64': [ '0.34.5' ],
139 silly audit   '@img/sharp-linux-s390x': [ '0.34.5' ],
139 silly audit   '@img/sharp-linux-x64': [ '0.34.5' ],
139 silly audit   '@img/sharp-linuxmusl-arm64': [ '0.34.5' ],
139 silly audit   '@img/sharp-linuxmusl-x64': [ '0.34.5' ],
139 silly audit   '@img/sharp-wasm32': [ '0.34.5' ],
139 silly audit   '@img/sharp-win32-arm64': [ '0.34.5' ],
139 silly audit   '@img/sharp-win32-ia32': [ '0.34.5' ],
139 silly audit   '@img/sharp-win32-x64': [ '0.34.5' ],
139 silly audit   '@jridgewell/gen-mapping': [ '0.3.13' ],
139 silly audit   '@jridgewell/remapping': [ '2.3.5' ],
139 silly audit   '@jridgewell/resolve-uri': [ '3.1.2' ],
139 silly audit   '@jridgewell/sourcemap-codec': [ '1.5.5' ],
139 silly audit   '@jridgewell/trace-mapping': [ '0.3.31' ],
139 silly audit   '@napi-rs/wasm-runtime': [ '1.1.5' ],
139 silly audit   '@next/env': [ '16.2.9' ],
139 silly audit   '@next/eslint-plugin-next': [ '16.2.9' ],
139 silly audit   '@next/swc-darwin-arm64': [ '16.2.9' ],
139 silly audit   '@next/swc-darwin-x64': [ '16.2.9' ],
139 silly audit   '@next/swc-linux-arm64-gnu': [ '16.2.9' ],
139 silly audit   '@next/swc-linux-arm64-musl': [ '16.2.9' ],
139 silly audit   '@next/swc-linux-x64-gnu': [ '16.2.9' ],
139 silly audit   '@next/swc-linux-x64-musl': [ '16.2.9' ],
139 silly audit   '@next/swc-win32-arm64-msvc': [ '16.2.9' ],
139 silly audit   '@next/swc-win32-x64-msvc': [ '16.2.9' ],
139 silly audit   '@nodelib/fs.scandir': [ '2.1.5' ],
139 silly audit   '@nodelib/fs.stat': [ '2.0.5' ],
139 silly audit   '@nodelib/fs.walk': [ '1.2.8' ],
139 silly audit   '@nolyfill/is-core-module': [ '1.0.39' ],
139 silly audit   '@rtsao/scc': [ '1.1.0' ],
139 silly audit   '@supabase/auth-js': [ '2.108.2' ],
139 silly audit   '@supabase/functions-js': [ '2.108.2' ],
139 silly audit   '@supabase/phoenix': [ '0.4.4' ],
139 silly audit   '@supabase/postgrest-js': [ '2.108.2' ],
139 silly audit   '@supabase/realtime-js': [ '2.108.2' ],
139 silly audit   '@supabase/storage-js': [ '2.108.2' ],
139 silly audit   '@supabase/supabase-js': [ '2.108.2' ],
139 silly audit   '@swc/helpers': [ '0.5.15' ],
139 silly audit   '@tailwindcss/node': [ '4.3.1' ],
139 silly audit   '@tailwindcss/oxide': [ '4.3.1' ],
139 silly audit   '@tailwindcss/oxide-android-arm64': [ '4.3.1' ],
139 silly audit   '@tailwindcss/oxide-darwin-arm64': [ '4.3.1' ],
139 silly audit   '@tailwindcss/oxide-darwin-x64': [ '4.3.1' ],
139 silly audit   '@tailwindcss/oxide-freebsd-x64': [ '4.3.1' ],
139 silly audit   '@tailwindcss/oxide-linux-arm-gnueabihf': [ '4.3.1' ],
139 silly audit   '@tailwindcss/oxide-linux-arm64-gnu': [ '4.3.1' ],
139 silly audit   '@tailwindcss/oxide-linux-arm64-musl': [ '4.3.1' ],
139 silly audit   '@tailwindcss/oxide-linux-x64-gnu': [ '4.3.1' ],
139 silly audit   '@tailwindcss/oxide-linux-x64-musl': [ '4.3.1' ],
139 silly audit   '@tailwindcss/oxide-wasm32-wasi': [ '4.3.1' ],
139 silly audit   '@tailwindcss/oxide-win32-arm64-msvc': [ '4.3.1' ],
139 silly audit   '@tailwindcss/oxide-win32-x64-msvc': [ '4.3.1' ],
139 silly audit   '@tailwindcss/postcss': [ '4.3.1' ],
139 silly audit   '@tybys/wasm-util': [ '0.10.2' ],
139 silly audit   '@types/estree': [ '1.0.9' ],
139 silly audit   '@types/json-schema': [ '7.0.15' ],
139 silly audit   '@types/json5': [ '0.0.29' ],
139 silly audit   '@types/node': [ '20.19.43' ],
139 silly audit   '@types/react': [ '19.2.17' ],
139 silly audit   '@types/react-dom': [ '19.2.3' ],
139 silly audit   '@typescript-eslint/eslint-plugin': [ '8.61.1' ],
139 silly audit   ignore: [ '7.0.5', '5.3.2' ],
139 silly audit   '@typescript-eslint/parser': [ '8.61.1' ],
139 silly audit   '@typescript-eslint/project-service': [ '8.61.1' ],
139 silly audit   '@typescript-eslint/scope-manager': [ '8.61.1' ],
139 silly audit   '@typescript-eslint/tsconfig-utils': [ '8.61.1' ],
139 silly audit   '@typescript-eslint/type-utils': [ '8.61.1' ],
139 silly audit   '@typescript-eslint/types': [ '8.61.1' ],
139 silly audit   '@typescript-eslint/typescript-estree': [ '8.61.1' ],
139 silly audit   'balanced-match': [ '4.0.4', '1.0.2' ],
139 silly audit   'brace-expansion': [ '5.0.6', '1.1.15' ],
139 silly audit   minimatch: [ '10.2.5', '3.1.5' ],
139 silly audit   semver: [ '7.8.5', '6.3.1' ],
139 silly audit   '@typescript-eslint/utils': [ '8.61.1' ],
139 silly audit   '@typescript-eslint/visitor-keys': [ '8.61.1' ],
139 silly audit   '@unrs/resolver-binding-android-arm-eabi': [ '1.12.2' ],
139 silly audit   '@unrs/resolver-binding-android-arm64': [ '1.12.2' ],
139 silly audit   '@unrs/resolver-binding-darwin-arm64': [ '1.12.2' ],
139 silly audit   '@unrs/resolver-binding-darwin-x64': [ '1.12.2' ],
139 silly audit   '@unrs/resolver-binding-freebsd-x64': [ '1.12.2' ],
139 silly audit   '@unrs/resolver-binding-linux-arm-gnueabihf': [ '1.12.2' ],
139 silly audit   '@unrs/resolver-binding-linux-arm-musleabihf': [ '1.12.2' ],
139 silly audit   '@unrs/resolver-binding-linux-arm64-gnu': [ '1.12.2' ],
139 silly audit   '@unrs/resolver-binding-linux-arm64-musl': [ '1.12.2' ],
139 silly audit   '@unrs/resolver-binding-linux-loong64-gnu': [ '1.12.2' ],
139 silly audit   '@unrs/resolver-binding-linux-loong64-musl': [ '1.12.2' ],
139 silly audit   '@unrs/resolver-binding-linux-ppc64-gnu': [ '1.12.2' ],
139 silly audit   '@unrs/resolver-binding-linux-riscv64-gnu': [ '1.12.2' ],
139 silly audit   '@unrs/resolver-binding-linux-riscv64-musl': [ '1.12.2' ],
139 silly audit   '@unrs/resolver-binding-linux-s390x-gnu': [ '1.12.2' ],
139 silly audit   '@unrs/resolver-binding-linux-x64-gnu': [ '1.12.2' ],
139 silly audit   '@unrs/resolver-binding-linux-x64-musl': [ '1.12.2' ],
139 silly audit   '@unrs/resolver-binding-openharmony-arm64': [ '1.12.2' ],
139 silly audit   '@unrs/resolver-binding-wasm32-wasi': [ '1.12.2' ],
139 silly audit   '@unrs/resolver-binding-win32-arm64-msvc': [ '1.12.2' ],
139 silly audit   '@unrs/resolver-binding-win32-ia32-msvc': [ '1.12.2' ],
139 silly audit   '@unrs/resolver-binding-win32-x64-msvc': [ '1.12.2' ],
139 silly audit   acorn: [ '8.17.0' ],
139 silly audit   'acorn-jsx': [ '5.3.2' ],
139 silly audit   ajv: [ '6.15.0' ],
139 silly audit   'ansi-styles': [ '4.3.0' ],
139 silly audit   argparse: [ '2.0.1' ],
139 silly audit   'aria-query': [ '5.3.2' ],
139 silly audit   'array-buffer-byte-length': [ '1.0.2' ],
139 silly audit   'array-includes': [ '3.1.9' ],
139 silly audit   'array.prototype.findlast': [ '1.2.5' ],
139 silly audit   'array.prototype.findlastindex': [ '1.2.6' ],
139 silly audit   'array.prototype.flat': [ '1.3.3' ],
139 silly audit   'array.prototype.flatmap': [ '1.3.3' ],
139 silly audit   'array.prototype.tosorted': [ '1.1.4' ],
139 silly audit   'arraybuffer.prototype.slice': [ '1.0.4' ],
139 silly audit   'ast-types-flow': [ '0.0.8' ],
139 silly audit   'async-function': [ '1.0.0' ],
139 silly audit   'available-typed-arrays': [ '1.0.7' ],
139 silly audit   'axe-core': [ '4.12.1' ],
139 silly audit   'axobject-query': [ '4.1.0' ],
139 silly audit   'baseline-browser-mapping': [ '2.10.38' ],
139 silly audit   braces: [ '3.0.3' ],
139 silly audit   browserslist: [ '4.28.2' ],
139 silly audit   'call-bind': [ '1.0.9' ],
139 silly audit   'call-bind-apply-helpers': [ '1.0.2' ],
139 silly audit   'call-bound': [ '1.0.4' ],
139 silly audit   callsites: [ '3.1.0' ],
139 silly audit   'caniuse-lite': [ '1.0.30001799' ],
139 silly audit   chalk: [ '4.1.2' ],
139 silly audit   'client-only': [ '0.0.1' ],
139 silly audit   'color-convert': [ '2.0.1' ],
139 silly audit   'color-name': [ '1.1.4' ],
139 silly audit   'concat-map': [ '0.0.1' ],
139 silly audit   'convert-source-map': [ '2.0.0' ],
139 silly audit   'cross-spawn': [ '7.0.6' ],
139 silly audit   csstype: [ '3.2.3' ],
139 silly audit   'damerau-levenshtein': [ '1.0.8' ],
139 silly audit   'data-view-buffer': [ '1.0.2' ],
139 silly audit   'data-view-byte-length': [ '1.0.2' ],
139 silly audit   'data-view-byte-offset': [ '1.0.1' ],
139 silly audit   debug: [ '4.4.3', '3.2.7' ],
139 silly audit   'deep-is': [ '0.1.4' ],
139 silly audit   'define-data-property': [ '1.1.4' ],
139 silly audit   'define-properties': [ '1.2.1' ],
139 silly audit   'detect-libc': [ '2.1.2' ],
139 silly audit   doctrine: [ '2.1.0' ],
139 silly audit   'dunder-proto': [ '1.0.1' ],
139 silly audit   'electron-to-chromium': [ '1.5.376' ],
139 silly audit   'emoji-regex': [ '9.2.2' ],
139 silly audit   'enhanced-resolve': [ '5.21.6' ],
139 silly audit   'es-abstract': [ '1.24.2' ],
139 silly audit   'es-abstract-get': [ '1.0.0' ],
139 silly audit   'es-define-property': [ '1.0.1' ],
139 silly audit   'es-errors': [ '1.3.0' ],
139 silly audit   'es-iterator-helpers': [ '1.3.3' ],
139 silly audit   'es-object-atoms': [ '1.1.2' ],
139 silly audit   'es-set-tostringtag': [ '2.1.0' ],
139 silly audit   'es-shim-unscopables': [ '1.1.0' ],
139 silly audit   'es-to-primitive': [ '1.3.1' ],
139 silly audit   escalade: [ '3.2.0' ],
139 silly audit   'escape-string-regexp': [ '4.0.0' ],
139 silly audit   eslint: [ '9.39.4' ],
139 silly audit   'eslint-config-next': [ '16.2.9' ],
139 silly audit   globals: [ '16.4.0', '14.0.0' ],
139 silly audit   'eslint-import-resolver-node': [ '0.3.10' ],
139 silly audit   'eslint-import-resolver-typescript': [ '3.10.1' ],
139 silly audit   'eslint-module-utils': [ '2.13.0' ],
139 silly audit   'eslint-plugin-import': [ '2.32.0' ],
139 silly audit   'eslint-plugin-jsx-a11y': [ '6.10.2' ],
139 silly audit   'eslint-plugin-react': [ '7.37.5' ],
139 silly audit   'eslint-plugin-react-hooks': [ '7.1.1' ],
139 silly audit   'eslint-scope': [ '8.4.0' ],
139 silly audit   espree: [ '10.4.0' ],
139 silly audit   esquery: [ '1.7.0' ],
139 silly audit   esrecurse: [ '4.3.0' ],
139 silly audit   estraverse: [ '5.3.0' ],
139 silly audit   esutils: [ '2.0.3' ],
139 silly audit   'fast-deep-equal': [ '3.1.3' ],
139 silly audit   'fast-glob': [ '3.3.1' ],
139 silly audit   'glob-parent': [ '5.1.2', '6.0.2' ],
139 silly audit   'fast-json-stable-stringify': [ '2.1.0' ],
139 silly audit   'fast-levenshtein': [ '2.0.6' ],
139 silly audit   fastq: [ '1.20.1' ],
139 silly audit   'file-entry-cache': [ '8.0.0' ],
139 silly audit   'fill-range': [ '7.1.1' ],
139 silly audit   'find-up': [ '5.0.0' ],
139 silly audit   'flat-cache': [ '4.0.1' ],
139 silly audit   flatted: [ '3.4.2' ],
139 silly audit   'for-each': [ '0.3.5' ],
139 silly audit   'function-bind': [ '1.1.2' ],
139 silly audit   'function.prototype.name': [ '1.2.0' ],
139 silly audit   'functions-have-names': [ '1.2.3' ],
139 silly audit   'generator-function': [ '2.0.1' ],
139 silly audit   gensync: [ '1.0.0-beta.2' ],
139 silly audit   'get-intrinsic': [ '1.3.0' ],
139 silly audit   'get-proto': [ '1.0.1' ],
139 silly audit   'get-symbol-description': [ '1.1.0' ],
139 silly audit   'get-tsconfig': [ '4.14.0' ],
139 silly audit   globalthis: [ '1.0.4' ],
139 silly audit   gopd: [ '1.2.0' ],
139 silly audit   'graceful-fs': [ '4.2.11' ],
139 silly audit   'has-bigints': [ '1.1.0' ],
139 silly audit   'has-flag': [ '4.0.0' ],
139 silly audit   'has-property-descriptors': [ '1.0.2' ],
139 silly audit   'has-proto': [ '1.2.0' ],
139 silly audit   'has-symbols': [ '1.1.0' ],
139 silly audit   'has-tostringtag': [ '1.0.2' ],
139 silly audit   hasown: [ '2.0.4' ],
139 silly audit   'hermes-estree': [ '0.25.1' ],
139 silly audit   'hermes-parser': [ '0.25.1' ],
139 silly audit   'iceberg-js': [ '0.8.1' ],
139 silly audit   'import-fresh': [ '3.3.1' ],
139 silly audit   imurmurhash: [ '0.1.4' ],
139 silly audit   'internal-slot': [ '1.1.0' ],
139 silly audit   'is-array-buffer': [ '3.0.5' ],
139 silly audit   'is-async-function': [ '2.1.1' ],
139 silly audit   'is-bigint': [ '1.1.0' ],
139 silly audit   'is-boolean-object': [ '1.2.2' ],
139 silly audit   'is-bun-module': [ '2.0.0' ],
139 silly audit   'is-callable': [ '1.2.7' ],
139 silly audit   'is-core-module': [ '2.16.2' ],
139 silly audit   'is-data-view': [ '1.0.2' ],
139 silly audit   'is-date-object': [ '1.1.0' ],
139 silly audit   'is-document.all': [ '1.0.0' ],
139 silly audit   'is-extglob': [ '2.1.1' ],
139 silly audit   'is-finalizationregistry': [ '1.1.1' ],
139 silly audit   'is-generator-function': [ '1.1.2' ],
139 silly audit   'is-glob': [ '4.0.3' ],
139 silly audit   'is-map': [ '2.0.3' ],
139 silly audit   'is-negative-zero': [ '2.0.3' ],
139 silly audit   'is-number': [ '7.0.0' ],
139 silly audit   'is-number-object': [ '1.1.1' ],
139 silly audit   'is-regex': [ '1.2.1' ],
139 silly audit   'is-set': [ '2.0.3' ],
139 silly audit   'is-shared-array-buffer': [ '1.0.4' ],
139 silly audit   'is-string': [ '1.1.1' ],
139 silly audit   'is-symbol': [ '1.1.1' ],
139 silly audit   'is-typed-array': [ '1.1.15' ],
139 silly audit   'is-weakmap': [ '2.0.2' ],
139 silly audit   'is-weakref': [ '1.1.1' ],
139 silly audit   'is-weakset': [ '2.0.4' ],
139 silly audit   isarray: [ '2.0.5' ],
139 silly audit   isexe: [ '2.0.0' ],
139 silly audit   'iterator.prototype': [ '1.1.5' ],
139 silly audit   jiti: [ '2.7.0' ],
139 silly audit   'js-tokens': [ '4.0.0' ],
139 silly audit   'js-yaml': [ '4.2.0' ],
139 silly audit   jsesc: [ '3.1.0' ],
139 silly audit   'json-buffer': [ '3.0.1' ],
139 silly audit   'json-schema-traverse': [ '0.4.1' ],
139 silly audit   'json-stable-stringify-without-jsonify': [ '1.0.1' ],
139 silly audit   json5: [ '2.2.3', '1.0.2' ],
139 silly audit   'jsx-ast-utils': [ '3.3.5' ],
139 silly audit   keyv: [ '4.5.4' ],
139 silly audit   'language-subtag-registry': [ '0.3.23' ],
139 silly audit   'language-tags': [ '1.0.9' ],
139 silly audit   levn: [ '0.4.1' ],
139 silly audit   lightningcss: [ '1.32.0' ],
139 silly audit   'lightningcss-android-arm64': [ '1.32.0' ],
139 silly audit   'lightningcss-darwin-arm64': [ '1.32.0' ],
139 silly audit   'lightningcss-darwin-x64': [ '1.32.0' ],
139 silly audit   'lightningcss-freebsd-x64': [ '1.32.0' ],
139 silly audit   'lightningcss-linux-arm-gnueabihf': [ '1.32.0' ],
139 silly audit   'lightningcss-linux-arm64-gnu': [ '1.32.0' ],
139 silly audit   'lightningcss-linux-arm64-musl': [ '1.32.0' ],
139 silly audit   'lightningcss-linux-x64-gnu': [ '1.32.0' ],
139 silly audit   'lightningcss-linux-x64-musl': [ '1.32.0' ],
139 silly audit   'lightningcss-win32-arm64-msvc': [ '1.32.0' ],
139 silly audit   'lightningcss-win32-x64-msvc': [ '1.32.0' ],
139 silly audit   'locate-path': [ '6.0.0' ],
139 silly audit   'lodash.merge': [ '4.6.2' ],
139 silly audit   'loose-envify': [ '1.4.0' ],
139 silly audit   'lru-cache': [ '5.1.1' ],
139 silly audit   'magic-string': [ '0.30.21' ],
139 silly audit   'math-intrinsics': [ '1.1.0' ],
139 silly audit   merge2: [ '1.4.1' ],
139 silly audit   micromatch: [ '4.0.8' ],
139 silly audit   minimist: [ '1.2.8' ],
139 silly audit   ms: [ '2.1.3' ],
139 silly audit   nanoid: [ '3.3.14' ],
139 silly audit   'napi-postinstall': [ '0.3.4' ],
139 silly audit   'natural-compare': [ '1.4.0' ],
139 silly audit   next: [ '16.2.9' ],
139 silly audit   postcss: [ '8.4.31', '8.5.15' ],
139 silly audit   'node-exports-info': [ '1.6.0' ],
139 silly audit   'node-releases': [ '2.0.48' ],
139 silly audit   'object-assign': [ '4.1.1' ],
139 silly audit   'object-inspect': [ '1.13.4' ],
139 silly audit   'object-keys': [ '1.1.1' ],
139 silly audit   'object.assign': [ '4.1.7' ],
139 silly audit   'object.entries': [ '1.1.9' ],
139 silly audit   'object.fromentries': [ '2.0.8' ],
139 silly audit   'object.groupby': [ '1.0.3' ],
139 silly audit   'object.values': [ '1.2.1' ],
139 silly audit   optionator: [ '0.9.4' ],
139 silly audit   'own-keys': [ '1.0.1' ],
139 silly audit   'p-limit': [ '3.1.0' ],
139 silly audit   'p-locate': [ '5.0.0' ],
139 silly audit   'parent-module': [ '1.0.1' ],
139 silly audit   'path-exists': [ '4.0.0' ],
139 silly audit   'path-key': [ '3.1.1' ],
139 silly audit   'path-parse': [ '1.0.7' ],
139 silly audit   picocolors: [ '1.1.1' ],
139 silly audit   picomatch: [ '2.3.2', '4.0.4' ],
139 silly audit   'possible-typed-array-names': [ '1.1.0' ],
139 silly audit   'prelude-ls': [ '1.2.1' ],
139 silly audit   'prop-types': [ '15.8.1' ],
139 silly audit   punycode: [ '2.3.1' ],
139 silly audit   'queue-microtask': [ '1.2.3' ],
139 silly audit   react: [ '19.2.4' ],
139 silly audit   'react-dom': [ '19.2.4' ],
139 silly audit   'react-is': [ '16.13.1' ],
139 silly audit   'reflect.getprototypeof': [ '1.0.10' ],
139 silly audit   'regexp.prototype.flags': [ '1.5.4' ],
139 silly audit   resolve: [ '2.0.0-next.7' ],
139 silly audit   'resolve-from': [ '4.0.0' ],
139 silly audit   'resolve-pkg-maps': [ '1.0.0' ],
139 silly audit   reusify: [ '1.1.0' ],
139 silly audit   'run-parallel': [ '1.2.0' ],
139 silly audit   'safe-array-concat': [ '1.1.4' ],
139 silly audit   'safe-push-apply': [ '1.0.0' ],
139 silly audit   'safe-regex-test': [ '1.1.0' ],
139 silly audit   scheduler: [ '0.27.0' ],
139 silly audit   'set-function-length': [ '1.2.2' ],
139 silly audit   'set-function-name': [ '2.0.2' ],
139 silly audit   'set-proto': [ '1.0.0' ],
139 silly audit   sharp: [ '0.34.5' ],
139 silly audit   'shebang-command': [ '2.0.0' ],
139 silly audit   'shebang-regex': [ '3.0.0' ],
139 silly audit   'side-channel': [ '1.1.1' ],
139 silly audit   'side-channel-list': [ '1.0.1' ],
139 silly audit   'side-channel-map': [ '1.0.1' ],
139 silly audit   'side-channel-weakmap': [ '1.0.2' ],
139 silly audit   'source-map-js': [ '1.2.1' ],
139 silly audit   'stable-hash': [ '0.0.5' ],
139 silly audit   'stop-iteration-iterator': [ '1.1.0' ],
139 silly audit   'string.prototype.includes': [ '2.0.1' ],
139 silly audit   'string.prototype.matchall': [ '4.0.12' ],
139 silly audit   'string.prototype.repeat': [ '1.0.0' ],
139 silly audit   'string.prototype.trim': [ '1.2.11' ],
139 silly audit   'string.prototype.trimend': [ '1.0.10' ],
139 silly audit   'string.prototype.trimstart': [ '1.0.8' ],
139 silly audit   'strip-bom': [ '3.0.0' ],
139 silly audit   'strip-json-comments': [ '3.1.1' ],
139 silly audit   stripe: [ '22.2.2' ],
139 silly audit   'styled-jsx': [ '5.1.6' ],
139 silly audit   'supports-color': [ '7.2.0' ],
139 silly audit   'supports-preserve-symlinks-flag': [ '1.0.0' ],
139 silly audit   tailwindcss: [ '4.3.1' ],
139 silly audit   tapable: [ '2.3.3' ],
139 silly audit   tinyglobby: [ '0.2.17' ],
139 silly audit   fdir: [ '6.5.0' ],
139 silly audit   'to-regex-range': [ '5.0.1' ],
139 silly audit   'ts-api-utils': [ '2.5.0' ],
139 silly audit   'tsconfig-paths': [ '3.15.0' ],
139 silly audit   tslib: [ '2.8.1' ],
139 silly audit   'type-check': [ '0.4.0' ],
139 silly audit   'typed-array-buffer': [ '1.0.3' ],
139 silly audit   'typed-array-byte-length': [ '1.0.3' ],
139 silly audit   'typed-array-byte-offset': [ '1.0.4' ],
139 silly audit   'typed-array-length': [ '1.0.8' ],
139 silly audit   typescript: [ '5.9.3' ],
139 silly audit   'typescript-eslint': [ '8.61.1' ],
139 silly audit   'unbox-primitive': [ '1.1.0' ],
139 silly audit   'undici-types': [ '6.21.0' ],
139 silly audit   'unrs-resolver': [ '1.12.2' ],
139 silly audit   'update-browserslist-db': [ '1.2.3' ],
139 silly audit   'uri-js': [ '4.4.1' ],
139 silly audit   which: [ '2.0.2' ],
139 silly audit   'which-boxed-primitive': [ '1.1.1' ],
139 silly audit   'which-builtin-type': [ '1.2.1' ],
139 silly audit   'which-collection': [ '1.0.2' ],
139 silly audit   'which-typed-array': [ '1.1.22' ],
139 silly audit   'word-wrap': [ '1.2.5' ],
139 silly audit   yallist: [ '3.1.1' ],
139 silly audit   'yocto-queue': [ '0.1.0' ],
139 silly audit   zod: [ '4.4.3' ],
139 silly audit   'zod-validation-error': [ '4.0.2' ],
139 silly audit   html2canvas: [ '1.4.1' ],
139 silly audit   jspdf: [ '4.2.1' ],
139 silly audit   'css-line-break': [ '2.1.0' ],
139 silly audit   'text-segmentation': [ '1.0.3' ],
139 silly audit   utrie: [ '1.0.2' ],
139 silly audit   '@babel/runtime': [ '7.29.7' ],
139 silly audit   canvg: [ '3.0.11' ],
139 silly audit   'core-js': [ '3.49.0' ],
139 silly audit   dompurify: [ '3.4.11' ],
139 silly audit   'fast-png': [ '6.4.0' ],
139 silly audit   fflate: [ '0.8.3' ],
139 silly audit   '@types/raf': [ '3.4.3' ],
139 silly audit   raf: [ '3.4.1' ],
139 silly audit   'regenerator-runtime': [ '0.13.11' ],
139 silly audit   rgbcolor: [ '1.0.1' ],
139 silly audit   'stackblur-canvas': [ '2.7.0' ],
139 silly audit   'svg-pathdata': [ '6.0.3' ],
139 silly audit   '@types/trusted-types': [ '2.0.7' ],
139 silly audit   '@types/pako': [ '2.0.4' ],
139 silly audit   iobuffer: [ '5.4.0' ],
139 silly audit   pako: [ '2.2.0' ],
139 silly audit   'performance-now': [ '2.1.0' ],
139 silly audit   'base64-arraybuffer': [ '1.0.2' ]
139 silly audit }
140 http cache base64-arraybuffer@https://registry.npmjs.org/base64-arraybuffer/-/base64-arraybuffer-1.0.2.tgz 0ms (cache hit)
141 http cache performance-now@https://registry.npmjs.org/performance-now/-/performance-now-2.1.0.tgz 0ms (cache hit)
142 http cache pako@https://registry.npmjs.org/pako/-/pako-2.2.0.tgz 0ms (cache hit)
143 http cache iobuffer@https://registry.npmjs.org/iobuffer/-/iobuffer-5.4.0.tgz 0ms (cache hit)
144 http cache @types/pako@https://registry.npmjs.org/@types/pako/-/pako-2.0.4.tgz 0ms (cache hit)
145 http cache @types/trusted-types@https://registry.npmjs.org/@types/trusted-types/-/trusted-types-2.0.7.tgz 0ms (cache hit)
146 http cache svg-pathdata@https://registry.npmjs.org/svg-pathdata/-/svg-pathdata-6.0.3.tgz 0ms (cache hit)
147 http cache stackblur-canvas@https://registry.npmjs.org/stackblur-canvas/-/stackblur-canvas-2.7.0.tgz 0ms (cache hit)
148 http cache @types/raf@https://registry.npmjs.org/@types/raf/-/raf-3.4.3.tgz 0ms (cache hit)
149 http cache rgbcolor@https://registry.npmjs.org/rgbcolor/-/rgbcolor-1.0.1.tgz 0ms (cache hit)
150 http cache regenerator-runtime@https://registry.npmjs.org/regenerator-runtime/-/regenerator-runtime-0.13.11.tgz 0ms (cache hit)
151 http cache raf@https://registry.npmjs.org/raf/-/raf-3.4.1.tgz 0ms (cache hit)
152 http cache fflate@https://registry.npmjs.org/fflate/-/fflate-0.8.3.tgz 0ms (cache hit)
153 http cache dompurify@https://registry.npmjs.org/dompurify/-/dompurify-3.4.11.tgz 0ms (cache hit)
154 http cache fast-png@https://registry.npmjs.org/fast-png/-/fast-png-6.4.0.tgz 0ms (cache hit)
155 http cache @babel/runtime@https://registry.npmjs.org/@babel/runtime/-/runtime-7.29.7.tgz 0ms (cache hit)
156 http cache utrie@https://registry.npmjs.org/utrie/-/utrie-1.0.2.tgz 0ms (cache hit)
157 http cache core-js@https://registry.npmjs.org/core-js/-/core-js-3.49.0.tgz 0ms (cache hit)
158 http cache canvg@https://registry.npmjs.org/canvg/-/canvg-3.0.11.tgz 0ms (cache hit)
159 http cache text-segmentation@https://registry.npmjs.org/text-segmentation/-/text-segmentation-1.0.3.tgz 0ms (cache hit)
160 silly tarball no local data for base64-arraybuffer@https://registry.npmjs.org/base64-arraybuffer/-/base64-arraybuffer-1.0.2.tgz. Extracting by manifest.
161 silly tarball no local data for performance-now@https://registry.npmjs.org/performance-now/-/performance-now-2.1.0.tgz. Extracting by manifest.
162 silly tarball no local data for pako@https://registry.npmjs.org/pako/-/pako-2.2.0.tgz. Extracting by manifest.
163 silly tarball no local data for iobuffer@https://registry.npmjs.org/iobuffer/-/iobuffer-5.4.0.tgz. Extracting by manifest.
164 silly tarball no local data for @types/pako@https://registry.npmjs.org/@types/pako/-/pako-2.0.4.tgz. Extracting by manifest.
165 silly tarball no local data for @types/trusted-types@https://registry.npmjs.org/@types/trusted-types/-/trusted-types-2.0.7.tgz. Extracting by manifest.
166 http cache css-line-break@https://registry.npmjs.org/css-line-break/-/css-line-break-2.1.0.tgz 0ms (cache hit)
167 silly tarball no local data for svg-pathdata@https://registry.npmjs.org/svg-pathdata/-/svg-pathdata-6.0.3.tgz. Extracting by manifest.
168 silly tarball no local data for stackblur-canvas@https://registry.npmjs.org/stackblur-canvas/-/stackblur-canvas-2.7.0.tgz. Extracting by manifest.
169 silly tarball no local data for @types/raf@https://registry.npmjs.org/@types/raf/-/raf-3.4.3.tgz. Extracting by manifest.
170 silly tarball no local data for rgbcolor@https://registry.npmjs.org/rgbcolor/-/rgbcolor-1.0.1.tgz. Extracting by manifest.
171 silly tarball no local data for regenerator-runtime@https://registry.npmjs.org/regenerator-runtime/-/regenerator-runtime-0.13.11.tgz. Extracting by manifest.
172 silly tarball no local data for raf@https://registry.npmjs.org/raf/-/raf-3.4.1.tgz. Extracting by manifest.
173 http cache jspdf@https://registry.npmjs.org/jspdf/-/jspdf-4.2.1.tgz 0ms (cache hit)
174 silly tarball no local data for fflate@https://registry.npmjs.org/fflate/-/fflate-0.8.3.tgz. Extracting by manifest.
175 http cache html2canvas@https://registry.npmjs.org/html2canvas/-/html2canvas-1.4.1.tgz 0ms (cache hit)
176 silly tarball no local data for dompurify@https://registry.npmjs.org/dompurify/-/dompurify-3.4.11.tgz. Extracting by manifest.
177 silly tarball no local data for fast-png@https://registry.npmjs.org/fast-png/-/fast-png-6.4.0.tgz. Extracting by manifest.
178 silly tarball no local data for @babel/runtime@https://registry.npmjs.org/@babel/runtime/-/runtime-7.29.7.tgz. Extracting by manifest.
179 silly tarball no local data for utrie@https://registry.npmjs.org/utrie/-/utrie-1.0.2.tgz. Extracting by manifest.
180 silly tarball no local data for core-js@https://registry.npmjs.org/core-js/-/core-js-3.49.0.tgz. Extracting by manifest.
181 silly tarball no local data for canvg@https://registry.npmjs.org/canvg/-/canvg-3.0.11.tgz. Extracting by manifest.
182 silly tarball no local data for text-segmentation@https://registry.npmjs.org/text-segmentation/-/text-segmentation-1.0.3.tgz. Extracting by manifest.
183 silly tarball no local data for css-line-break@https://registry.npmjs.org/css-line-break/-/css-line-break-2.1.0.tgz. Extracting by manifest.
184 silly tarball no local data for jspdf@https://registry.npmjs.org/jspdf/-/jspdf-4.2.1.tgz. Extracting by manifest.
185 silly tarball no local data for html2canvas@https://registry.npmjs.org/html2canvas/-/html2canvas-1.4.1.tgz. Extracting by manifest.
186 http fetch POST 200 https://registry.npmjs.org/-/npm/v1/security/advisories/bulk 298ms
187 silly audit report {
187 silly audit report   postcss: [
187 silly audit report     {
187 silly audit report       id: 1117015,
187 silly audit report       url: 'https://github.com/advisories/GHSA-qx2v-qp2m-jg93',
187 silly audit report       title: 'PostCSS has XSS via Unescaped </style> in its CSS Stringify Output',
187 silly audit report       severity: 'moderate',
187 silly audit report       vulnerable_versions: '<8.5.10',
187 silly audit report       cwe: [Array],
187 silly audit report       cvss: [Object]
187 silly audit report     }
187 silly audit report   ]
187 silly audit report }
188 silly packumentCache corgi:https://registry.npmjs.org/postcss cache-miss
189 http fetch GET 200 https://registry.npmjs.org/@types/pako/-/pako-2.0.4.tgz 397ms (cache miss)
190 http fetch GET 200 https://registry.npmjs.org/iobuffer/-/iobuffer-5.4.0.tgz 704ms (cache miss)
191 http fetch GET 200 https://registry.npmjs.org/@types/raf/-/raf-3.4.3.tgz 1025ms (cache miss)
192 http fetch GET 200 https://registry.npmjs.org/raf/-/raf-3.4.1.tgz 1064ms (cache miss)
193 http fetch GET 200 https://registry.npmjs.org/base64-arraybuffer/-/base64-arraybuffer-1.0.2.tgz 1128ms (cache miss)
194 http fetch GET 200 https://registry.npmjs.org/@types/trusted-types/-/trusted-types-2.0.7.tgz 1152ms (cache miss)
195 http fetch GET 200 https://registry.npmjs.org/svg-pathdata/-/svg-pathdata-6.0.3.tgz 1252ms (cache miss)
196 http fetch GET 200 https://registry.npmjs.org/rgbcolor/-/rgbcolor-1.0.1.tgz 1379ms (cache miss)
197 http fetch GET 200 https://registry.npmjs.org/regenerator-runtime/-/regenerator-runtime-0.13.11.tgz 1468ms (cache miss)
198 http fetch GET 200 https://registry.npmjs.org/performance-now/-/performance-now-2.1.0.tgz 1861ms (cache miss)
199 http fetch GET 200 https://registry.npmjs.org/utrie/-/utrie-1.0.2.tgz 2409ms (cache miss)
200 http fetch GET 200 https://registry.npmjs.org/stackblur-canvas/-/stackblur-canvas-2.7.0.tgz 2439ms (cache miss)
201 http fetch GET 200 https://registry.npmjs.org/fflate/-/fflate-0.8.3.tgz 2685ms (cache miss)
202 http fetch GET 200 https://registry.npmjs.org/fast-png/-/fast-png-6.4.0.tgz 3180ms (cache miss)
203 http fetch GET 200 https://registry.npmjs.org/css-line-break/-/css-line-break-2.1.0.tgz 3412ms (cache miss)
204 http fetch GET 200 https://registry.npmjs.org/postcss 3556ms (cache miss)
205 silly packumentCache corgi:https://registry.npmjs.org/postcss set size:undefined disposed:false
206 silly packumentCache corgi:https://registry.npmjs.org/next cache-miss
207 http fetch GET 200 https://registry.npmjs.org/text-segmentation/-/text-segmentation-1.0.3.tgz 5045ms (cache miss)
208 http fetch GET 200 https://registry.npmjs.org/pako/-/pako-2.2.0.tgz 5244ms (cache miss)
209 http fetch GET 200 https://registry.npmjs.org/canvg/-/canvg-3.0.11.tgz 6059ms (cache miss)
210 http fetch GET 200 https://registry.npmjs.org/@babel/runtime/-/runtime-7.29.7.tgz 6251ms (cache miss)
211 http fetch GET 200 https://registry.npmjs.org/dompurify/-/dompurify-3.4.11.tgz 6807ms (cache miss)
212 http fetch GET 200 https://registry.npmjs.org/html2canvas/-/html2canvas-1.4.1.tgz 9625ms (cache miss)
213 http fetch GET 200 https://registry.npmjs.org/next 19966ms (cache miss)
214 silly packumentCache corgi:https://registry.npmjs.org/next set size:undefined disposed:false
215 http fetch GET 200 https://registry.npmjs.org/jspdf/-/jspdf-4.2.1.tgz 27436ms (cache miss)
216 http fetch GET 200 https://registry.npmjs.org/core-js/-/core-js-3.49.0.tgz 34842ms (cache miss)
217 info run core-js@3.49.0 postinstall node_modules/core-js node -e "try{require('./postinstall')}catch(e){}"
218 info run core-js@3.49.0 postinstall { code: 0, signal: null }
219 silly ADD node_modules/base64-arraybuffer
220 silly ADD node_modules/performance-now
221 silly ADD node_modules/pako
222 silly ADD node_modules/iobuffer
223 silly ADD node_modules/@types/pako
224 silly ADD node_modules/@types/trusted-types
225 silly ADD node_modules/svg-pathdata
226 silly ADD node_modules/stackblur-canvas
227 silly ADD node_modules/rgbcolor
228 silly ADD node_modules/regenerator-runtime
229 silly ADD node_modules/raf
230 silly ADD node_modules/@types/raf
231 silly ADD node_modules/fflate
232 silly ADD node_modules/fast-png
233 silly ADD node_modules/dompurify
234 silly ADD node_modules/core-js
235 silly ADD node_modules/canvg
236 silly ADD node_modules/@babel/runtime
237 silly ADD node_modules/utrie
238 silly ADD node_modules/text-segmentation
239 silly ADD node_modules/css-line-break
240 silly ADD node_modules/jspdf
241 silly ADD node_modules/html2canvas
242 verbose cwd C:\Users\Juliana\Desktop\ai-travel-app
243 verbose os Windows_NT 10.0.26200
244 verbose node v24.16.0
245 verbose npm  v11.13.0
246 notice
246 notice New minor version of npm available! 11.13.0 -> 11.17.0
246 notice Changelog: https://github.com/npm/cli/releases/tag/v11.17.0
246 notice To update run: npm install -g npm@11.17.0
246 notice  { force: true, Symbol(proc-log.meta): true }
247 verbose exit 0
248 info ok
